C:\Program Files\Microsoft Visual Studio\2022\Community\MSBuild\Microsoft\VC\v170\Microsoft.CppBuild.targets(531,5): warning MSB8028: The intermediate directory (C:\Users\karma\Desktop\rustt\bin_intermediate\) contains files shared from another project (RustLib.vcxproj).  This can lead to incorrect clean and rebuild behavior.
  Aimbot.cpp
  CCore.cpp
  Visuals.cpp
  Menu.cpp
  BlockSprint.cpp
  ClientInput.cpp
  DoAttack.cpp
  DoFixedUpdate.cpp
  HookFunc.cpp
  OnAttacked.cpp
  OnGUI.cpp
  OnNetworkMessage.cpp
  PlayerProjectileAttack.cpp
  PlayerProjectileRicochet.cpp
  PlayerWalkMovement.cpp
  ProjectileUpdate.cpp
  SCWUpdate.cpp
  TryToMove.cpp
  Update.cpp
  OnInput.cpp
C:\Program Files\Microsoft Visual Studio\2022\Community\VC\Tools\MSVC\14.38.33130\include\xstring(2749,53): warning C4244: 'argument': conversion from 'wchar_t' to 'const _Elem', possible loss of data
C:\Program Files\Microsoft Visual Studio\2022\Community\VC\Tools\MSVC\14.38.33130\include\xstring(2749,53): warning C4244:         with
C:\Program Files\Microsoft Visual Studio\2022\Community\VC\Tools\MSVC\14.38.33130\include\xstring(2749,53): warning C4244:         [
C:\Program Files\Microsoft Visual Studio\2022\Community\VC\Tools\MSVC\14.38.33130\include\xstring(2749,53): warning C4244:             _Elem=char
C:\Program Files\Microsoft Visual Studio\2022\Community\VC\Tools\MSVC\14.38.33130\include\xstring(2749,53): warning C4244:         ]
  (compiling source file 'Core/RustHooks/SteamClientWrapper/SCWUpdate.cpp')
  C:\Program Files\Microsoft Visual Studio\2022\Community\VC\Tools\MSVC\14.38.33130\include\xstring(2749,53):
  the template instantiation context (the oldest one first) is
  	C:\Users\karma\Desktop\rustt\Internal\Core\RustHooks\SteamClientWrapper\SCWUpdate.cpp(213,48):
  	see reference to function template instantiation 'std::basic_string<char,std::char_traits<char>,std::allocator<char>>::basic_string<std::_String_iterator<std::_String_val<std::_Simple_types<_Elem>>>,0>(_Iter,_Iter,const _Alloc &)' being compiled
          with
          [
              _Elem=wchar_t,
              _Iter=std::_String_iterator<std::_String_val<std::_Simple_types<wchar_t>>>,
              _Alloc=std::allocator<char>
          ]
  		C:\Users\karma\Desktop\rustt\Internal\Core\RustHooks\SteamClientWrapper\SCWUpdate.cpp(213,35):
  		see the first reference to 'std::basic_string<char,std::char_traits<char>,std::allocator<char>>::basic_string' in 'Hooks::SCRUpdate'
  	C:\Program Files\Microsoft Visual Studio\2022\Community\VC\Tools\MSVC\14.38.33130\include\xstring(2590,17):
  	see reference to function template instantiation 'void std::basic_string<char,std::char_traits<char>,std::allocator<char>>::_Construct_from_iter<wchar_t*,wchar_t*,_Size_type>(_Iter,const _Sent,_Size)' being compiled
          with
          [
              _Size_type=unsigned __int64,
              _Iter=wchar_t *,
              _Sent=wchar_t *,
              _Size=unsigned __int64
          ]
  
  rust.vcxproj -> C:\Users\karma\Desktop\rustt\bin_production\RustDll.dll
